2023-07-11 15:40:57,624 INFO org.hibernate.validator.internal.util.Version [background-preinit] HV000001: Hibernate Validator 6.2.5.Final
2023-07-11 15:40:57,628 INFO org.springframework.boot.StartupInfoLogger [main] Starting CoszastoreApplication using Java 11.0.18 on DESKTOP-F5AJ6N4 with PID 12228 (D:\project\coszastore_webapp\target\classes started by DELL in D:\project\coszastore_webapp)
2023-07-11 15:40:57,632 INFO org.springframework.boot.SpringApplication [main] No active profile set, falling back to 1 default profile: "default"
2023-07-11 15:40:59,007 INFO org.springframework.data.repository.config.RepositoryConfigurationDelegate [main] Bootstrapping Spring Data JPA repositories in DEFAULT mode.
2023-07-11 15:40:59,132 INFO org.springframework.data.repository.config.RepositoryConfigurationDelegate [main] Finished Spring Data repository scanning in 107 ms. Found 1 JPA repository interfaces.
2023-07-11 15:41:00,134 INFO org.springframework.boot.web.embedded.tomcat.TomcatWebServer [main] Tomcat initialized with port(s): 8080 (http)
2023-07-11 15:41:00,148 INFO org.apache.juli.logging.DirectJDKLog [main] Initializing ProtocolHandler ["http-nio-8080"]
2023-07-11 15:41:00,151 INFO org.apache.juli.logging.DirectJDKLog [main] Starting service [Tomcat]
2023-07-11 15:41:00,152 INFO org.apache.juli.logging.DirectJDKLog [main] Starting Servlet engine: [Apache Tomcat/9.0.76]
2023-07-11 15:41:00,320 INFO org.apache.juli.logging.DirectJDKLog [main] Initializing Spring embedded WebApplicationContext
2023-07-11 15:41:00,321 INFO org.springframework.boot.web.servlet.context.ServletWebServerApplicationContext [main] Root WebApplicationContext: initialization completed in 2609 ms
2023-07-11 15:41:00,524 INFO org.hibernate.jpa.internal.util.LogHelper [main] HHH000204: Processing PersistenceUnitInfo [name: default]
2023-07-11 15:41:00,589 INFO org.hibernate.Version [main] HHH000412: Hibernate ORM core version 5.6.15.Final
2023-07-11 15:41:00,768 INFO org.hibernate.annotations.common.reflection.java.JavaReflectionManager [main] HCANN000001: Hibernate Commons Annotations {5.1.2.Final}
2023-07-11 15:41:00,943 INFO com.zaxxer.hikari.HikariDataSource [main] HikariPool-1 - Starting...
2023-07-11 15:41:01,472 INFO com.zaxxer.hikari.HikariDataSource [main] HikariPool-1 - Start completed.
2023-07-11 15:41:01,498 INFO org.hibernate.dialect.Dialect [main] HHH000400: Using dialect: org.hibernate.dialect.MySQL8Dialect
2023-07-11 15:41:02,321 WARN org.hibernate.mapping.RootClass [main] HHH000038: Composite-id class does not override equals(): alticshaw.com.coszastore.entity.ids.BlogTagIds
2023-07-11 15:41:02,322 WARN org.hibernate.mapping.RootClass [main] HHH000039: Composite-id class does not override hashCode(): alticshaw.com.coszastore.entity.ids.BlogTagIds
2023-07-11 15:41:02,323 WARN org.hibernate.mapping.RootClass [main] HHH000038: Composite-id class does not override equals(): alticshaw.com.coszastore.entity.ids.OrderProductIds
2023-07-11 15:41:02,323 WARN org.hibernate.mapping.RootClass [main] HHH000039: Composite-id class does not override hashCode(): alticshaw.com.coszastore.entity.ids.OrderProductIds
2023-07-11 15:41:02,323 WARN org.hibernate.mapping.RootClass [main] HHH000038: Composite-id class does not override equals(): alticshaw.com.coszastore.entity.ids.CategoryTagIds
2023-07-11 15:41:02,324 WARN org.hibernate.mapping.RootClass [main] HHH000039: Composite-id class does not override hashCode(): alticshaw.com.coszastore.entity.ids.CategoryTagIds
2023-07-11 15:41:02,856 INFO org.hibernate.engine.transaction.jta.platform.internal.JtaPlatformInitiator [main] HHH000490: Using JtaPlatform implementation: [org.hibernate.engine.transaction.jta.platform.internal.NoJtaPlatform]
2023-07-11 15:41:02,874 INFO org.springframework.orm.jpa.AbstractEntityManagerFactoryBean [main] Initialized JPA EntityManagerFactory for persistence unit 'default'
2023-07-11 15:41:03,561 INFO org.springframework.security.web.DefaultSecurityFilterChain [main] Will secure any request with [org.springframework.security.web.session.DisableEncodeUrlFilter@5b5a89d1, org.springframework.security.web.context.request.async.WebAsyncManagerIntegrationFilter@267b678f, org.springframework.security.web.context.SecurityContextPersistenceFilter@63af52a6, org.springframework.security.web.header.HeaderWriterFilter@27f31d91, org.springframework.security.web.authentication.logout.LogoutFilter@11896124, alticshaw.com.coszastore.filter.JwtFilter@13e5d243, org.springframework.security.web.savedrequest.RequestCacheAwareFilter@573f2e67, org.springframework.security.web.servletapi.SecurityContextHolderAwareRequestFilter@aca594d, org.springframework.security.web.authentication.AnonymousAuthenticationFilter@4803bf73, org.springframework.security.web.session.SessionManagementFilter@52d434c1, org.springframework.security.web.access.ExceptionTranslationFilter@4965454c, org.springframework.security.web.access.intercept.AuthorizationFilter@20462820]
2023-07-11 15:41:03,616 WARN org.springframework.boot.autoconfigure.orm.jpa.JpaBaseConfiguration$JpaWebConfiguration [main] spring.jpa.open-in-view is enabled by default. Therefore, database queries may be performed during view rendering. Explicitly configure spring.jpa.open-in-view to disable this warning
2023-07-11 15:41:04,005 INFO org.apache.juli.logging.DirectJDKLog [main] Starting ProtocolHandler ["http-nio-8080"]
2023-07-11 15:41:04,031 INFO org.springframework.boot.web.embedded.tomcat.TomcatWebServer [main] Tomcat started on port(s): 8080 (http) with context path ''
2023-07-11 15:41:04,046 INFO org.springframework.boot.StartupInfoLogger [main] Started CoszastoreApplication in 7.248 seconds (JVM running for 9.516)
2023-07-11 15:50:24,100 INFO org.springframework.orm.jpa.AbstractEntityManagerFactoryBean [SpringApplicationShutdownHook] Closing JPA EntityManagerFactory for persistence unit 'default'
2023-07-11 15:50:24,105 INFO com.zaxxer.hikari.HikariDataSource [SpringApplicationShutdownHook] HikariPool-1 - Shutdown initiated...
2023-07-11 15:50:24,130 INFO com.zaxxer.hikari.HikariDataSource [SpringApplicationShutdownHook] HikariPool-1 - Shutdown completed.
2023-07-14 11:24:03,980 INFO org.hibernate.validator.internal.util.Version [background-preinit] HV000001: Hibernate Validator 6.2.5.Final
2023-07-14 11:24:03,990 INFO org.springframework.boot.StartupInfoLogger [main] Starting CoszastoreApplication using Java 19.0.2 on MSI with PID 15080 (D:\project\coszastore_webapp\target\classes started by Quang Huy in D:\project\coszastore_webapp)
2023-07-14 11:24:03,993 INFO org.springframework.boot.SpringApplication [main] No active profile set, falling back to 1 default profile: "default"
2023-07-14 11:24:04,861 INFO org.springframework.data.repository.config.RepositoryConfigurationDelegate [main] Multiple Spring Data modules found, entering strict repository configuration mode
2023-07-14 11:24:04,863 INFO org.springframework.data.repository.config.RepositoryConfigurationDelegate [main] Bootstrapping Spring Data JPA repositories in DEFAULT mode.
2023-07-14 11:24:05,034 INFO org.springframework.data.repository.config.RepositoryConfigurationDelegate [main] Finished Spring Data repository scanning in 162 ms. Found 1 JPA repository interfaces.
2023-07-14 11:24:05,059 INFO org.springframework.data.repository.config.RepositoryConfigurationDelegate [main] Multiple Spring Data modules found, entering strict repository configuration mode
2023-07-14 11:24:05,060 INFO org.springframework.data.repository.config.RepositoryConfigurationDelegate [main] Bootstrapping Spring Data Redis repositories in DEFAULT mode.
2023-07-14 11:24:05,086 INFO org.springframework.data.repository.config.RepositoryConfigurationExtensionSupport [main] Spring Data Redis - Could not safely identify store assignment for repository candidate interface alticshaw.com.coszastore.repository.UserRepository; If you want this repository to be a Redis repository, consider annotating your entities with one of these annotations: org.springframework.data.redis.core.RedisHash (preferred), or consider extending one of the following types with your repository: org.springframework.data.keyvalue.repository.KeyValueRepository
2023-07-14 11:24:05,087 INFO org.springframework.data.repository.config.RepositoryConfigurationDelegate [main] Finished Spring Data repository scanning in 9 ms. Found 0 Redis repository interfaces.
2023-07-14 11:24:05,747 INFO org.springframework.boot.web.embedded.tomcat.TomcatWebServer [main] Tomcat initialized with port(s): 8080 (http)
2023-07-14 11:24:05,754 INFO org.apache.juli.logging.DirectJDKLog [main] Initializing ProtocolHandler ["http-nio-8080"]
2023-07-14 11:24:05,756 INFO org.apache.juli.logging.DirectJDKLog [main] Starting service [Tomcat]
2023-07-14 11:24:05,757 INFO org.apache.juli.logging.DirectJDKLog [main] Starting Servlet engine: [Apache Tomcat/9.0.76]
2023-07-14 11:24:05,892 INFO org.apache.juli.logging.DirectJDKLog [main] Initializing Spring embedded WebApplicationContext
2023-07-14 11:24:05,892 INFO org.springframework.boot.web.servlet.context.ServletWebServerApplicationContext [main] Root WebApplicationContext: initialization completed in 1836 ms
2023-07-14 11:24:06,086 INFO org.hibernate.jpa.internal.util.LogHelper [main] HHH000204: Processing PersistenceUnitInfo [name: default]
2023-07-14 11:24:06,161 INFO org.hibernate.Version [main] HHH000412: Hibernate ORM core version 5.6.15.Final
2023-07-14 11:24:06,362 INFO org.hibernate.annotations.common.reflection.java.JavaReflectionManager [main] HCANN000001: Hibernate Commons Annotations {5.1.2.Final}
2023-07-14 11:24:06,482 INFO com.zaxxer.hikari.HikariDataSource [main] HikariPool-1 - Starting...
2023-07-14 11:24:06,944 INFO com.zaxxer.hikari.HikariDataSource [main] HikariPool-1 - Start completed.
2023-07-14 11:24:06,975 INFO org.hibernate.dialect.Dialect [main] HHH000400: Using dialect: org.hibernate.dialect.MySQL8Dialect
2023-07-14 11:24:07,414 WARN org.hibernate.mapping.RootClass [main] HHH000038: Composite-id class does not override equals(): alticshaw.com.coszastore.entity.ids.BlogTagIds
2023-07-14 11:24:07,415 WARN org.hibernate.mapping.RootClass [main] HHH000039: Composite-id class does not override hashCode(): alticshaw.com.coszastore.entity.ids.BlogTagIds
2023-07-14 11:24:07,416 WARN org.hibernate.mapping.RootClass [main] HHH000038: Composite-id class does not override equals(): alticshaw.com.coszastore.entity.ids.OrderProductIds
2023-07-14 11:24:07,416 WARN org.hibernate.mapping.RootClass [main] HHH000039: Composite-id class does not override hashCode(): alticshaw.com.coszastore.entity.ids.OrderProductIds
2023-07-14 11:24:07,416 WARN org.hibernate.mapping.RootClass [main] HHH000038: Composite-id class does not override equals(): alticshaw.com.coszastore.entity.ids.CategoryTagIds
2023-07-14 11:24:07,417 WARN org.hibernate.mapping.RootClass [main] HHH000039: Composite-id class does not override hashCode(): alticshaw.com.coszastore.entity.ids.CategoryTagIds
2023-07-14 11:24:07,930 INFO org.hibernate.engine.transaction.jta.platform.internal.JtaPlatformInitiator [main] HHH000490: Using JtaPlatform implementation: [org.hibernate.engine.transaction.jta.platform.internal.NoJtaPlatform]
2023-07-14 11:24:07,940 INFO org.springframework.orm.jpa.AbstractEntityManagerFactoryBean [main] Initialized JPA EntityManagerFactory for persistence unit 'default'
2023-07-14 11:24:08,736 INFO org.springframework.security.web.DefaultSecurityFilterChain [main] Will secure any request with [org.springframework.security.web.session.DisableEncodeUrlFilter@506654fa, org.springframework.security.web.context.request.async.WebAsyncManagerIntegrationFilter@4468ced2, org.springframework.security.web.context.SecurityContextPersistenceFilter@443b9ebb, org.springframework.security.web.header.HeaderWriterFilter@1db7a4ae, org.springframework.security.web.authentication.logout.LogoutFilter@af04d6d, alticshaw.com.coszastore.filter.JwtFilter@9687f55, org.springframework.security.web.savedrequest.RequestCacheAwareFilter@d98ce13, org.springframework.security.web.servletapi.SecurityContextHolderAwareRequestFilter@3c6e407, org.springframework.security.web.authentication.AnonymousAuthenticationFilter@21f421b8, org.springframework.security.web.session.SessionManagementFilter@3507200d, org.springframework.security.web.access.ExceptionTranslationFilter@72e9f0f7, org.springframework.security.web.access.intercept.AuthorizationFilter@4f4b7a2e]
2023-07-14 11:24:08,786 WARN org.springframework.boot.autoconfigure.orm.jpa.JpaBaseConfiguration$JpaWebConfiguration [main] spring.jpa.open-in-view is enabled by default. Therefore, database queries may be performed during view rendering. Explicitly configure spring.jpa.open-in-view to disable this warning
2023-07-14 11:24:09,233 INFO org.apache.juli.logging.DirectJDKLog [main] Starting ProtocolHandler ["http-nio-8080"]
2023-07-14 11:24:09,251 INFO org.springframework.boot.web.embedded.tomcat.TomcatWebServer [main] Tomcat started on port(s): 8080 (http) with context path ''
2023-07-14 11:24:09,263 INFO org.springframework.boot.StartupInfoLogger [main] Started CoszastoreApplication in 5.781 seconds (JVM running for 6.942)
2023-07-14 11:24:49,340 INFO org.springframework.orm.jpa.AbstractEntityManagerFactoryBean [SpringApplicationShutdownHook] Closing JPA EntityManagerFactory for persistence unit 'default'
2023-07-14 11:24:49,342 INFO com.zaxxer.hikari.HikariDataSource [SpringApplicationShutdownHook] HikariPool-1 - Shutdown initiated...
2023-07-14 11:24:49,374 INFO com.zaxxer.hikari.HikariDataSource [SpringApplicationShutdownHook] HikariPool-1 - Shutdown completed.
